Info    : Reading 'disjoint_object.msh'...
Info    : 54 entities
Info    : 385 nodes
Info    : 1916 elements
Info    : Done reading 'disjoint_object.msh'
input_path::  disjoint_object.msh
is_there_a_shared_surface::occ::1
process_disjoint_object::called
e_v:::(3, 1) :: e_surfaces_boundry::::[(2, -1), (2, 17), (2, 21), (2, 25), (2, 29), (2, 30)]
elem_dim::3::elem_index::[array([129, 130, 131, 132, 133, 134, 135, 136, 137, 138, 139, 140, 141,
       142, 143, 144, 145, 146, 147, 148, 149, 150, 151, 152, 153, 154,
       155, 156, 157, 158, 159, 160, 161, 162, 163, 164, 165, 166, 167,
       168, 169, 170, 171, 172, 173, 174, 175, 176, 177, 178, 179, 180,
       181, 182, 183, 184, 185, 186, 187, 188, 189, 190, 191, 192, 193,
       194, 195, 196, 197, 198, 199, 200, 201, 202, 203, 204, 205, 206,
       207, 208, 209, 210, 211, 212, 213, 214, 215, 216, 217, 218, 219,
       220, 221, 222, 223, 224, 225, 226, 227, 228, 229, 230, 231, 232,
       233, 234, 235, 236, 237, 238, 239, 240, 241, 242, 243, 244, 245,
       246, 247, 248, 249, 250, 251, 252, 253, 254, 255, 256, 257, 258,
       259, 260, 261, 262, 263, 264, 265, 266, 267, 268, 269, 270, 271,
       272, 273, 274, 275, 276, 277, 278, 279, 280, 281, 282, 283, 284,
       285, 286, 287, 288, 289, 290, 291, 292, 293, 294, 295, 296, 297,
       298, 299, 300, 301, 302, 303, 304, 305, 306, 307, 308, 309, 310,
       311, 312, 313, 314, 315, 316, 317, 318, 319, 320, 321, 322, 323,
       324, 325, 326, 327, 328, 329, 330, 331, 332, 333, 334, 335, 336,
       337, 338, 339, 340, 341, 342, 343, 344, 345, 346, 347, 348, 349,
       350, 351, 352, 353, 354, 355, 356, 357, 358, 359, 360, 361, 362,
       363, 364, 365, 366, 367, 368, 369, 370, 371, 372, 373, 374, 375,
       376, 377, 378, 379, 380, 381, 382, 383, 384, 385, 386, 387, 388,
       389, 390, 391, 392, 393, 394, 395, 396, 397, 398, 399, 400, 401,
       402, 403, 404, 405, 406, 407, 408, 409, 410, 411, 412, 413, 414,
       415, 416, 417, 418, 419, 420, 421, 422, 423, 424, 425, 426, 427,
       428, 429, 430, 431, 432, 433, 434, 435, 436, 437, 438, 439, 440,
       441, 442, 443, 444, 445, 446, 447, 448, 449, 450, 451, 452, 453,
       454, 455, 456, 457, 458, 459, 460, 461, 462, 463, 464, 465, 466,
       467, 468, 469, 470, 471, 472, 473, 474, 475, 476, 477, 478, 479,
       480, 481, 482, 483, 484, 485, 486, 487, 488, 489, 490, 491, 492,
       493, 494, 495, 496, 497, 498, 499, 500, 501, 502, 503, 504, 505,
       506, 507, 508, 509, 510, 511, 512, 513, 514, 515, 516, 517, 518,
       519, 520, 521, 522, 523, 524, 525, 526, 527, 528, 529, 530, 531,
       532, 533, 534, 535, 536, 537, 538, 539, 540, 541, 542, 543, 544,
       545, 546, 547, 548, 549, 550, 551, 552, 553, 554, 555, 556, 557,
       558, 559, 560, 561, 562, 563, 564, 565, 566, 567, 568, 569, 570,
       571, 572, 573, 574, 575, 576, 577, 578, 579, 580, 581, 582, 583,
       584, 585, 586, 587, 588, 589, 590, 591, 592, 593, 594, 595, 596,
       597, 598, 599, 600, 601, 602, 603, 604, 605, 606, 607, 608, 609,
       610, 611, 612, 613, 614, 615, 616, 617, 618, 619, 620, 621, 622,
       623, 624, 625, 626, 627, 628, 629, 630, 631, 632, 633, 634, 635,
       636, 637, 638, 639, 640, 641, 642, 643, 644, 645, 646, 647, 648,
       649, 650, 651, 652, 653, 654, 655, 656, 657, 658, 659, 660, 661,
       662, 663, 664, 665, 666, 667, 668, 669, 670, 671, 672, 673, 674,
       675, 676, 677, 678, 679, 680, 681, 682, 683, 684, 685, 686, 687,
       688, 689, 690, 691, 692, 693, 694, 695, 696, 697, 698, 699, 700,
       701, 702, 703, 704, 705, 706, 707, 708, 709, 710, 711, 712, 713,
       714, 715, 716, 717, 718, 719, 720, 721, 722, 723, 724, 725, 726,
       727, 728, 729, 730, 731, 732, 733, 734, 735, 736, 737, 738, 739,
       740, 741, 742, 743, 744, 745, 746, 747, 748, 749, 750, 751, 752,
       753, 754, 755, 756, 757, 758, 759, 760, 761, 762, 763, 764, 765,
       766, 767, 768, 769, 770, 771, 772, 773, 774, 775, 776, 777, 778,
       779, 780, 781, 782, 783, 784, 785, 786, 787, 788, 789, 790, 791,
       792, 793, 794, 795, 796, 797, 798, 799, 800, 801, 802, 803, 804,
       805, 806, 807, 808, 809, 810, 811, 812], dtype=uint64)]::elem_nodes_index::[[  1  17 118]
 [ 28   1 118]
 [ 19   2 116]
 ...
 [336 338 345]
 [339 336 345]
 [338 341 345]]
elem_dim::3::elem_index::[array([215, 216, 217, 218, 219, 220, 221, 222, 223, 224, 225, 226, 227,
       228, 229, 230, 231, 232, 233, 234, 235, 236, 237, 238, 239, 240,
       241, 242, 243, 244, 245, 246, 247, 248, 249, 250, 251, 252, 253,
       254, 255, 256, 257, 258], dtype=uint64)]::elem_nodes_index::[[ 17 145   1]
 [  1 145  53]
 [  2 144  19]
 [ 56 144   2]
 [  9 146  41]
 [ 55 146   9]
 [ 43 147  10]
 [ 10 147  58]
 [ 18 137  17]
 [137 145  17]
 [ 19 135  18]
 [135 137  18]
 [ 19 144 135]
 [ 41 140  42]
 [ 41 146 140]
 [ 42 134  43]
 [ 42 140 134]
 [134 147  43]
 [ 53 141  54]
 [ 53 145 141]
 [ 54 136  55]
 [ 54 141 136]
 [136 146  55]
 [ 57 139  56]
 [139 144  56]
 [ 58 142  57]
 [ 57 142 139]
 [ 58 147 142]
 [140 148 134]
 [134 143 142]
 [142 147 134]
 [134 148 143]
 [135 138 137]
 [135 139 138]
 [135 144 139]
 [140 146 136]
 [136 148 140]
 [141 148 136]
 [138 141 137]
 [141 145 137]
 [139 143 138]
 [138 148 141]
 [143 148 138]
 [142 143 139]]
elem_dim::3::elem_index::[array([259, 260, 261, 262, 263, 264, 265, 266, 267, 268, 269, 270, 271,
       272, 273, 274, 275, 276, 277, 278, 279, 280, 281, 282, 283, 284,
       285, 286, 287, 288, 289, 290, 291, 292, 293, 294, 295, 296, 297,
       298, 299, 300, 301, 302], dtype=uint64)]::elem_nodes_index::[[ 20 160   2]
 [  2 160  56]
 [  3 159  22]
 [ 59 159   3]
 [ 10 161  44]
 [ 58 161  10]
 [ 46 162  11]
 [ 11 162  61]
 [ 21 152  20]
 [152 160  20]
 [ 22 150  21]
 [150 152  21]
 [ 22 159 150]
 [ 44 155  45]
 [ 44 161 155]
 [ 45 149  46]
 [ 45 155 149]
 [149 162  46]
 [ 56 156  57]
 [ 56 160 156]
 [ 57 151  58]
 [ 57 156 151]
 [151 161  58]
 [ 60 154  59]
 [154 159  59]
 [ 61 157  60]
 [ 60 157 154]
 [ 61 162 157]
 [155 163 149]
 [149 158 157]
 [157 162 149]
 [149 163 158]
 [150 153 152]
 [150 154 153]
 [150 159 154]
 [155 161 151]
 [151 163 155]
 [156 163 151]
 [153 156 152]
 [156 160 152]
 [154 158 153]
 [153 163 156]
 [158 163 153]
 [157 158 154]]
elem_dim::3::elem_index::[array([303, 304, 305, 306, 307, 308, 309, 310, 311, 312, 313, 314, 315,
       316, 317, 318, 319, 320, 321, 322, 323, 324, 325, 326, 327, 328,
       329, 330, 331, 332, 333, 334, 335, 336, 337, 338, 339, 340, 341,
       342, 343, 344, 345, 346], dtype=uint64)]::elem_nodes_index::[[ 23 175   3]
 [  3 175  59]
 [  4 174  25]
 [ 62 174   4]
 [ 11 176  47]
 [ 61 176  11]
 [ 49 177  12]
 [ 12 177  64]
 [ 24 167  23]
 [167 175  23]
 [ 25 165  24]
 [165 167  24]
 [ 25 174 165]
 [ 47 170  48]
 [ 47 176 170]
 [ 48 164  49]
 [ 48 170 164]
 [164 177  49]
 [ 59 171  60]
 [ 59 175 171]
 [ 60 166  61]
 [ 60 171 166]
 [166 176  61]
 [ 63 169  62]
 [169 174  62]
 [ 64 172  63]
 [ 63 172 169]
 [ 64 177 172]
 [170 178 164]
 [164 173 172]
 [172 177 164]
 [164 178 173]
 [165 168 167]
 [165 169 168]
 [165 174 169]
 [170 176 166]
 [166 178 170]
 [171 178 166]
 [168 171 167]
 [171 175 167]
 [169 173 168]
 [168 178 171]
 [173 178 168]
 [172 173 169]]
elem_dim::3::elem_index::[array([347, 348, 349, 350, 351, 352, 353, 354, 355, 356, 357, 358, 359,
       360, 361, 362, 363, 364, 365, 366, 367, 368, 369, 370, 371, 372,
       373, 374, 375, 376, 377, 378, 379, 380, 381, 382, 383, 384, 385,
       386, 387, 388, 389, 390], dtype=uint64)]::elem_nodes_index::[[  1 189  28]
 [ 53 189   1]
 [ 26 190   4]
 [  4 190  62]
 [ 52 192   9]
 [  9 192  55]
 [ 12 191  50]
 [ 64 191  12]
 [ 27 182  26]
 [182 190  26]
 [ 28 180  27]
 [180 182  27]
 [ 28 189 180]
 [ 50 185  51]
 [ 50 191 185]
 [ 51 179  52]
 [ 51 185 179]
 [179 192  52]
 [ 54 184  53]
 [184 189  53]
 [ 55 187  54]
 [ 54 187 184]
 [ 55 192 187]
 [ 62 186  63]
 [ 62 190 186]
 [ 63 181  64]
 [ 63 186 181]
 [181 191  64]
 [185 193 179]
 [179 188 187]
 [187 192 179]
 [179 193 188]
 [180 183 182]
 [180 184 183]
 [180 189 184]
 [185 191 181]
 [181 193 185]
 [186 193 181]
 [183 186 182]
 [186 190 182]
 [184 188 183]
 [183 193 186]
 [188 193 183]
 [187 188 184]]
elem_dim::3::elem_index::[array([391, 392, 393, 394, 395, 396, 397, 398, 399, 400, 401, 402, 403,
       404, 405, 406, 407, 408, 409, 410, 411, 412, 413, 414, 415, 416,
       417, 418, 419, 420, 421, 422, 423, 424, 425, 426, 427, 428, 429,
       430, 431, 432], dtype=uint64)]::elem_nodes_index::[[  9  41 207]
 [ 52   9 207]
 [ 43  10 206]
 [ 10  44 206]
 [ 46  11 204]
 [ 11  47 204]
 [ 49  12 205]
 [ 12  50 205]
 [ 41  42 201]
 [ 41 201 207]
 [ 42  43 194]
 [ 42 194 201]
 [194  43 206]
 [ 44  45 198]
 [ 44 198 206]
 [ 45  46 195]
 [ 45 195 198]
 [195  46 204]
 [ 47  48 200]
 [ 47 200 204]
 [ 48  49 196]
 [ 48 196 200]
 [196  49 205]
 [ 50  51 202]
 [ 50 202 205]
 [ 51  52 197]
 [ 51 197 202]
 [197  52 207]
 [194 198 199]
 [198 194 206]
 [194 199 201]
 [198 195 199]
 [199 195 200]
 [200 195 204]
 [196 199 200]
 [199 196 203]
 [196 202 203]
 [202 196 205]
 [197 201 203]
 [201 197 207]
 [202 197 203]
 [201 199 203]]
write41_mesh_format_41::output_file_path::disjoint_object_outdisjoint_object_out_surf1.msh
e_v:::(3, 2) :: e_surfaces_boundry::::[(2, -2), (2, 39), (2, 43), (2, 47), (2, 51), (2, 52)]
elem_dim::3::elem_index::[array([129, 130, 131, 132, 133, 134, 135, 136, 137, 138, 139, 140, 141,
       142, 143, 144, 145, 146, 147, 148, 149, 150, 151, 152, 153, 154,
       155, 156, 157, 158, 159, 160, 161, 162, 163, 164, 165, 166, 167,
       168, 169, 170, 171, 172, 173, 174, 175, 176, 177, 178, 179, 180,
       181, 182, 183, 184, 185, 186, 187, 188, 189, 190, 191, 192, 193,
       194, 195, 196, 197, 198, 199, 200, 201, 202, 203, 204, 205, 206,
       207, 208, 209, 210, 211, 212, 213, 214, 215, 216, 217, 218, 219,
       220, 221, 222, 223, 224, 225, 226, 227, 228, 229, 230, 231, 232,
       233, 234, 235, 236, 237, 238, 239, 240, 241, 242, 243, 244, 245,
       246, 247, 248, 249, 250, 251, 252, 253, 254, 255, 256, 257, 258,
       259, 260, 261, 262, 263, 264, 265, 266, 267, 268, 269, 270, 271,
       272, 273, 274, 275, 276, 277, 278, 279, 280, 281, 282, 283, 284,
       285, 286, 287, 288, 289, 290, 291, 292, 293, 294, 295, 296, 297,
       298, 299, 300, 301, 302, 303, 304, 305, 306, 307, 308, 309, 310,
       311, 312, 313, 314, 315, 316, 317, 318, 319, 320, 321, 322, 323,
       324, 325, 326, 327, 328, 329, 330, 331, 332, 333, 334, 335, 336,
       337, 338, 339, 340, 341, 342, 343, 344, 345, 346, 347, 348, 349,
       350, 351, 352, 353, 354, 355, 356, 357, 358, 359, 360, 361, 362,
       363, 364, 365, 366, 367, 368, 369, 370, 371, 372, 373, 374, 375,
       376, 377, 378, 379, 380, 381, 382, 383, 384, 385, 386, 387, 388,
       389, 390, 391, 392, 393, 394, 395, 396, 397, 398, 399, 400, 401,
       402, 403, 404, 405, 406, 407, 408, 409, 410, 411, 412, 413, 414,
       415, 416, 417, 418, 419, 420, 421, 422, 423, 424, 425, 426, 427,
       428, 429, 430, 431, 432, 433, 434, 435, 436, 437, 438, 439, 440,
       441, 442, 443, 444, 445, 446, 447, 448, 449, 450, 451, 452, 453,
       454, 455, 456, 457, 458, 459, 460, 461, 462, 463, 464, 465, 466,
       467, 468, 469, 470, 471, 472, 473, 474, 475, 476, 477, 478, 479,
       480, 481, 482, 483, 484, 485, 486, 487, 488, 489, 490, 491, 492,
       493, 494, 495, 496, 497, 498, 499, 500, 501, 502, 503, 504, 505,
       506, 507, 508, 509, 510, 511, 512, 513, 514, 515, 516, 517, 518,
       519, 520, 521, 522, 523, 524, 525, 526, 527, 528, 529, 530, 531,
       532, 533, 534, 535, 536, 537, 538, 539, 540, 541, 542, 543, 544,
       545, 546, 547, 548, 549, 550, 551, 552, 553, 554, 555, 556, 557,
       558, 559, 560, 561, 562, 563, 564, 565, 566, 567, 568, 569, 570,
       571, 572, 573, 574, 575, 576, 577, 578, 579, 580, 581, 582, 583,
       584, 585, 586, 587, 588, 589, 590, 591, 592, 593, 594, 595, 596,
       597, 598, 599, 600, 601, 602, 603, 604, 605, 606, 607, 608, 609,
       610, 611, 612, 613, 614, 615, 616, 617, 618, 619, 620, 621, 622,
       623, 624, 625, 626, 627, 628, 629, 630, 631, 632, 633, 634, 635,
       636, 637, 638, 639, 640, 641, 642, 643, 644, 645, 646, 647, 648,
       649, 650, 651, 652, 653, 654, 655, 656, 657, 658, 659, 660, 661,
       662, 663, 664, 665, 666, 667, 668, 669, 670, 671, 672, 673, 674,
       675, 676, 677, 678, 679, 680, 681, 682, 683, 684, 685, 686, 687,
       688, 689, 690, 691, 692, 693, 694, 695, 696, 697, 698, 699, 700,
       701, 702, 703, 704, 705, 706, 707, 708, 709, 710, 711, 712, 713,
       714, 715, 716, 717, 718, 719, 720, 721, 722, 723, 724, 725, 726,
       727, 728, 729, 730, 731, 732, 733, 734, 735, 736, 737, 738, 739,
       740, 741, 742, 743, 744, 745, 746, 747, 748, 749, 750, 751, 752,
       753, 754, 755, 756, 757, 758, 759, 760, 761, 762, 763, 764, 765,
       766, 767, 768, 769, 770, 771, 772, 773, 774, 775, 776, 777, 778,
       779, 780, 781, 782, 783, 784, 785, 786, 787, 788, 789, 790, 791,
       792, 793, 794, 795, 796, 797, 798, 799, 800, 801, 802, 803, 804,
       805, 806, 807, 808, 809, 810, 811, 812], dtype=uint64)]::elem_nodes_index::[[  1  17 118]
 [ 28   1 118]
 [ 19   2 116]
 ...
 [336 338 345]
 [339 336 345]
 [338 341 345]]
elem_dim::3::elem_index::[array([433, 434, 435, 436, 437, 438, 439, 440, 441, 442, 443, 444, 445,
       446, 447, 448, 449, 450, 451, 452, 453, 454, 455, 456, 457, 458,
       459, 460, 461, 462, 463, 464, 465, 466, 467, 468, 469, 470, 471,
       472, 473, 474, 475, 476, 477, 478, 479, 480, 481, 482, 483, 484,
       485, 486, 487, 488, 489, 490, 491, 492, 493, 494, 495, 496, 497,
       498, 499, 500, 501, 502, 503, 504, 505, 506, 507, 508, 509, 510,
       511, 512, 513, 514, 515, 516], dtype=uint64)]::elem_nodes_index::[[ 29 234   5]
 [  5 234  77]
 [  6 233  31]
 [ 84 233   6]
 [ 13 235  65]
 [ 83 235  13]
 [ 67 236  14]
 [ 14 236  90]
 [ 30 214  29]
 [214 234  29]
 [ 31 228  30]
 [ 30 228 214]
 [ 31 233 228]
 [ 65 226  66]
 [ 65 235 226]
 [ 66 213  67]
 [ 66 226 213]
 [213 236  67]
 [ 77 227  78]
 [ 77 234 227]
 [ 78 211  79]
 [ 78 227 211]
 [ 79 231  80]
 [211 231  79]
 [ 80 209  81]
 [ 80 231 209]
 [ 81 229  82]
 [209 229  81]
 [ 82 212  83]
 [ 82 229 212]
 [212 235  83]
 [ 85 224  84]
 [224 233  84]
 [ 86 208  85]
 [208 224  85]
 [ 87 220  86]
 [ 86 220 208]
 [ 88 215  87]
 [215 220  87]
 [ 89 210  88]
 [210 215  88]
 [ 90 225  89]
 [ 89 225 210]
 [ 90 236 225]
 [220 221 208]
 [221 222 208]
 [222 224 208]
 [219 229 209]
 [209 232 219]
 [209 231 223]
 [223 232 209]
 [210 216 215]
 [210 218 216]
 [210 225 218]
 [211 230 223]
 [223 231 211]
 [227 237 211]
 [211 237 230]
 [212 229 219]
 [219 238 212]
 [226 235 212]
 [212 238 226]
 [218 225 213]
 [213 238 218]
 [225 236 213]
 [226 238 213]
 [227 234 214]
 [214 237 227]
 [228 237 214]
 [216 217 215]
 [217 220 215]
 [216 232 217]
 [218 219 216]
 [219 232 216]
 [217 221 220]
 [217 223 221]
 [217 232 223]
 [218 238 219]
 [221 230 222]
 [223 230 221]
 [222 228 224]
 [222 237 228]
 [230 237 222]
 [228 233 224]]
elem_dim::3::elem_index::[array([517, 518, 519, 520, 521, 522, 523, 524, 525, 526, 527, 528, 529,
       530, 531, 532, 533, 534, 535, 536, 537, 538, 539, 540, 541, 542,
       543, 544, 545, 546, 547, 548, 549, 550, 551, 552, 553, 554, 555,
       556, 557, 558, 559, 560, 561, 562, 563, 564, 565, 566, 567, 568,
       569, 570, 571, 572, 573, 574, 575, 576, 577, 578, 579, 580, 581,
       582, 583, 584, 585, 586, 587, 588, 589, 590, 591, 592, 593, 594,
       595, 596, 597, 598, 599, 600], dtype=uint64)]::elem_nodes_index::[[ 32 268   6]
 [  6 268  84]
 [  7 265  34]
 [ 91 265   7]
 [ 14 267  68]
 [ 90 267  14]
 [ 70 266  15]
 [ 15 266  97]
 [ 33 243  32]
 [243 268  32]
 [ 34 258  33]
 [ 33 258 243]
 [ 34 265 258]
 [ 68 245  69]
 [ 68 267 245]
 [ 69 257  70]
 [245 257  69]
 [257 266  70]
 [ 84 259  85]
 [ 84 268 259]
 [ 85 260  86]
 [259 260  85]
 [ 86 241  87]
 [ 86 260 241]
 [ 87 263  88]
 [241 263  87]
 [ 88 242  89]
 [ 88 263 242]
 [ 89 256  90]
 [242 256  89]
 [256 267  90]
 [ 92 255  91]
 [255 265  91]
 [ 93 239  92]
 [239 255  92]
 [ 94 251  93]
 [ 93 251 239]
 [ 95 240  94]
 [240 251  94]
 [ 96 246  95]
 [ 95 246 240]
 [ 97 244  96]
 [244 246  96]
 [ 97 266 244]
 [251 252 239]
 [252 253 239]
 [253 255 239]
 [246 248 240]
 [248 249 240]
 [249 251 240]
 [241 261 250]
 [250 263 241]
 [241 260 254]
 [254 261 241]
 [250 262 242]
 [242 263 250]
 [242 269 256]
 [262 269 242]
 [258 264 243]
 [243 264 259]
 [259 268 243]
 [244 247 246]
 [244 257 247]
 [244 266 257]
 [245 267 256]
 [256 269 245]
 [245 269 257]
 [247 248 246]
 [247 262 248]
 [257 269 247]
 [247 269 262]
 [248 250 249]
 [248 262 250]
 [250 261 249]
 [249 252 251]
 [249 261 252]
 [252 254 253]
 [252 261 254]
 [254 264 253]
 [253 258 255]
 [253 264 258]
 [254 260 259]
 [259 264 254]
 [258 265 255]]
elem_dim::3::elem_index::[array([601, 602, 603, 604, 605, 606, 607, 608, 609, 610, 611, 612, 613,
       614, 615, 616, 617, 618, 619, 620, 621, 622, 623, 624, 625, 626,
       627, 628, 629, 630, 631, 632, 633, 634, 635, 636, 637, 638, 639,
       640, 641, 642, 643, 644, 645, 646, 647, 648, 649, 650, 651, 652,
       653, 654, 655, 656, 657, 658, 659, 660, 661, 662, 663, 664, 665,
       666, 667, 668, 669, 670, 671, 672, 673, 674, 675, 676, 677, 678,
       679, 680, 681, 682, 683, 684], dtype=uint64)]::elem_nodes_index::[[ 35 299   7]
 [  7 299  91]
 [  8 296  37]
 [ 98 296   8]
 [ 15 298  71]
 [ 97 298  15]
 [ 73 297  16]
 [ 16 297 104]
 [ 36 274  35]
 [274 299  35]
 [ 37 289  36]
 [ 36 289 274]
 [ 37 296 289]
 [ 71 276  72]
 [ 71 298 276]
 [ 72 288  73]
 [276 288  72]
 [288 297  73]
 [ 91 290  92]
 [ 91 299 290]
 [ 92 291  93]
 [290 291  92]
 [ 93 272  94]
 [ 93 291 272]
 [ 94 294  95]
 [272 294  94]
 [ 95 273  96]
 [ 95 294 273]
 [ 96 287  97]
 [273 287  96]
 [287 298  97]
 [ 99 286  98]
 [286 296  98]
 [100 270  99]
 [270 286  99]
 [101 282 100]
 [100 282 270]
 [102 271 101]
 [271 282 101]
 [103 277 102]
 [102 277 271]
 [104 275 103]
 [275 277 103]
 [104 297 275]
 [282 283 270]
 [283 284 270]
 [284 286 270]
 [277 279 271]
 [279 280 271]
 [280 282 271]
 [272 292 281]
 [281 294 272]
 [272 291 285]
 [285 292 272]
 [281 293 273]
 [273 294 281]
 [273 300 287]
 [293 300 273]
 [289 295 274]
 [274 295 290]
 [290 299 274]
 [275 278 277]
 [275 288 278]
 [275 297 288]
 [276 298 287]
 [287 300 276]
 [276 300 288]
 [278 279 277]
 [278 293 279]
 [288 300 278]
 [278 300 293]
 [279 281 280]
 [279 293 281]
 [281 292 280]
 [280 283 282]
 [280 292 283]
 [283 285 284]
 [283 292 285]
 [285 295 284]
 [284 289 286]
 [284 295 289]
 [285 291 290]
 [290 295 285]
 [289 296 286]]
elem_dim::3::elem_index::[array([685, 686, 687, 688, 689, 690, 691, 692, 693, 694, 695, 696, 697,
       698, 699, 700, 701, 702, 703, 704, 705, 706, 707, 708, 709, 710,
       711, 712, 713, 714, 715, 716, 717, 718, 719, 720, 721, 722, 723,
       724, 725, 726, 727, 728, 729, 730, 731, 732, 733, 734, 735, 736,
       737, 738, 739, 740, 741, 742, 743, 744, 745, 746, 747, 748, 749,
       750, 751, 752, 753, 754, 755, 756, 757, 758, 759, 760, 761, 762,
       763, 764, 765, 766, 767, 768], dtype=uint64)]::elem_nodes_index::[[  5 327  40]
 [ 77 327   5]
 [ 38 330   8]
 [  8 330  98]
 [ 76 328  13]
 [ 13 328  83]
 [ 16 329  74]
 [104 329  16]
 [ 39 305  38]
 [305 330  38]
 [ 40 320  39]
 [ 39 320 305]
 [ 40 327 320]
 [ 74 307  75]
 [ 74 329 307]
 [ 75 319  76]
 [307 319  75]
 [319 328  76]
 [ 78 317  77]
 [317 327  77]
 [ 79 301  78]
 [301 317  78]
 [ 80 313  79]
 [ 79 313 301]
 [ 81 302  80]
 [302 313  80]
 [ 82 308  81]
 [ 81 308 302]
 [ 83 306  82]
 [306 308  82]
 [ 83 328 306]
 [ 98 321  99]
 [ 98 330 321]
 [ 99 322 100]
 [321 322  99]
 [100 303 101]
 [100 322 303]
 [101 325 102]
 [303 325 101]
 [102 304 103]
 [102 325 304]
 [103 318 104]
 [304 318 103]
 [318 329 104]
 [313 314 301]
 [314 315 301]
 [315 317 301]
 [308 310 302]
 [310 311 302]
 [311 313 302]
 [303 323 312]
 [312 325 303]
 [303 322 316]
 [316 323 303]
 [312 324 304]
 [304 325 312]
 [304 331 318]
 [324 331 304]
 [320 326 305]
 [305 326 321]
 [321 330 305]
 [306 309 308]
 [306 319 309]
 [306 328 319]
 [307 329 318]
 [318 331 307]
 [307 331 319]
 [309 310 308]
 [309 324 310]
 [319 331 309]
 [309 331 324]
 [310 312 311]
 [310 324 312]
 [312 323 311]
 [311 314 313]
 [311 323 314]
 [314 316 315]
 [314 323 316]
 [316 326 315]
 [315 320 317]
 [315 326 320]
 [316 322 321]
 [321 326 316]
 [320 327 317]]
elem_dim::3::elem_index::[array([769, 770, 771, 772, 773, 774, 775, 776, 777, 778, 779, 780, 781,
       782, 783, 784, 785, 786, 787, 788, 789, 790, 791, 792, 793, 794,
       795, 796, 797, 798, 799, 800, 801, 802, 803, 804, 805, 806, 807,
       808, 809, 810, 811, 812], dtype=uint64)]::elem_nodes_index::[[ 13  65 344]
 [ 76  13 344]
 [ 67  14 342]
 [ 14  68 342]
 [ 70  15 343]
 [ 15  71 343]
 [ 73  16 346]
 [ 16  74 346]
 [ 65  66 332]
 [ 65 332 344]
 [ 66  67 339]
 [332  66 339]
 [339  67 342]
 [ 68  69 335]
 [ 68 335 342]
 [ 69  70 333]
 [ 69 333 335]
 [333  70 343]
 [ 71  72 337]
 [ 71 337 343]
 [ 72  73 334]
 [ 72 334 337]
 [334  73 346]
 [ 74  75 340]
 [ 74 340 346]
 [ 75  76 341]
 [ 75 338 340]
 [338  75 341]
 [341  76 344]
 [332 339 345]
 [332 341 344]
 [341 332 345]
 [335 333 336]
 [336 333 337]
 [337 333 343]
 [334 336 337]
 [336 334 338]
 [338 334 340]
 [340 334 346]
 [335 336 339]
 [335 339 342]
 [336 338 345]
 [339 336 345]
 [338 341 345]]
write41_mesh_format_41::output_file_path::disjoint_object_outdisjoint_object_out_surf2.msh
